<?xml version="1.0" encoding="UTF-8"?>
<testsuite xmlns:xsi="http://www.w3.org/2001/XMLSchema-instance" xsi:noNamespaceSchemaLocation="https://maven.apache.org/surefire/maven-surefire-plugin/xsd/surefire-test-report-3.0.xsd" version="3.0" name="DeterministicSelectorTest" time="0.065" tests="4" errors="0" skipped="0" failures="0">
  <properties>
[...]
</properties>
  <testcase name="randomArrays" classname="DeterministicSelectorTest" time="0.035"/>
  <testcase name="invalidInput" classname="DeterministicSelectorTest" time="0.006"/>
  <testcase name="smallSizesAllK" classname="DeterministicSelectorTest" time="0.003"/>
  <testcase name="allEqualValues" classname="DeterministicSelectorTest" time="0.003"/>
</testsuite>